\BOOKMARK [1][-]{section.1}{Abstract}{}% 1
\BOOKMARK [1][-]{section.2}{Introduction}{}% 2
\BOOKMARK [1][-]{section.3}{Background}{}% 3
\BOOKMARK [1][-]{section.4}{Method}{}% 4
\BOOKMARK [2][-]{subsection.4.1}{Transimpedance Amplifier and Low-Pass Filter}{section.4}% 5
\BOOKMARK [2][-]{subsection.4.2}{Instrumentation Amplifier and Summing Amplifier}{section.4}% 6
\BOOKMARK [2][-]{subsection.4.3}{Sample and Hold}{section.4}% 7
\BOOKMARK [2][-]{subsection.4.4}{Overweight Indicator}{section.4}% 8
\BOOKMARK [2][-]{subsection.4.5}{PCB Design and Layout}{section.4}% 9
\BOOKMARK [2][-]{subsection.4.6}{Speaker Characteristics}{section.4}% 10
\BOOKMARK [1][-]{section.5}{Results}{}% 11
\BOOKMARK [2][-]{subsection.5.1}{Transimpedance Amplifier and Low Pass Filter}{section.5}% 12
\BOOKMARK [2][-]{subsection.5.2}{Instrumentation and Summing Amplifier}{section.5}% 13
\BOOKMARK [2][-]{subsection.5.3}{Sample and Hold}{section.5}% 14
\BOOKMARK [2][-]{subsection.5.4}{Overweight Indicator}{section.5}% 15
\BOOKMARK [2][-]{subsection.5.5}{Speaker Characteristics}{section.5}% 16
\BOOKMARK [1][-]{section.6}{Discussion}{}% 17
\BOOKMARK [1][-]{section.7}{Conclusion}{}% 18
\BOOKMARK [1][-]{section.8}{References}{}% 19
\BOOKMARK [1][-]{section.9}{Contributions}{}% 20
\BOOKMARK [1][-]{section.10}{Appendices}{}% 21
